<?xml version="1.0" encoding="UTF-8"?>
<testsuite name="org.abbtech.lesson1.CalculatorTest" tests="1" skipped="0" failures="0" errors="0" timestamp="2024-03-15T10:45:39" hostname="DESKTOP-QCCDSF6" time="0.067">
  <properties/>
  <testcase name="divisionNegativeTest()" classname="org.abbtech.lesson1.CalculatorTest" time="0.067"/>
  <system-out><![CDATA[]]></system-out>
  <system-err><![CDATA[]]></system-err>
</testsuite>
